#
# There is insufficient memory for the Java Runtime Environment to continue.
# Native memory allocation (malloc) failed to allocate 1048576 bytes for AllocateHeap
# Possible reasons:
#   The system is out of physical RAM or swap space
#   The process is running with CompressedOops enabled, and the Java Heap may be blocking the growth of the native heap
# Possible solutions:
#   Reduce memory load on the system
#   Increase physical memory or swap space
#   Check if swap backing store is full
#   Decrease Java heap size (-Xmx/-Xms)
#   Decrease number of Java threads
#   Decrease Java thread stack sizes (-Xss)
#   Set larger code cache with -XX:ReservedCodeCacheSize=
#   JVM is running with Unscaled Compressed Oops mode in which the Java heap is
#     placed in the first 4GB address space. The Java Heap base address is the
#     maximum limit for the native heap growth. Please use -XX:HeapBaseMinAddress
#     to set the Java Heap base and to place the Java Heap above 4GB virtual address.
# This output file may be truncated or incomplete.
#
#  Out of Memory Error (memory/allocation.inline.hpp:61), pid=10372, tid=0x0000000000003950
#
# JRE version:  (8.0_242-b01) (build )
# Java VM: OpenJDK 64-Bit Server VM (25.242-b01 mixed mode windows-amd64 compressed oops)
# Failed to write core dump. Minidumps are not enabled by default on client versions of Windows
#

---------------  T H R E A D  ---------------

Current thread (0x00000000018be800):  JavaThread "Unknown thread" [_thread_in_vm, id=14672, stack(0x0000000003090000,0x0000000003190000)]

Stack: [0x0000000003090000,0x0000000003190000]
[error occurred during error reporting (printing stack bounds), id 0xc0000005]

Native frames: (J=compiled Java code, j=interpreted, Vv=VM code, C=native code)


---------------  P R O C E S S  ---------------

Java Threads: ( => current thread )

Other Threads:

=>0x00000000018be800 (exited) JavaThread "Unknown thread" [_thread_in_vm, id=14672, stack(0x0000000003090000,0x0000000003190000)]

VM state:not at safepoint (normal execution)

VM Mutex/Monitor currently owned by a thread: None

heap address: 0x00000000c1600000, size: 1002 MB, Compressed Oops mode: 32-bit
Narrow klass base: 0x0000000000000000, Narrow klass shift: 3
Compressed class space size: 1073741824 Address: 0x0000000100000000

Heap:
 PSYoungGen      total 18944K, used 327K [0x00000000eb200000, 0x00000000ec700000, 0x0000000100000000)
  eden space 16384K, 2% used [0x00000000eb200000,0x00000000eb251ec8,0x00000000ec200000)
  from space 2560K, 0% used [0x00000000ec480000,0x00000000ec480000,0x00000000ec700000)
  to   space 2560K, 0% used [0x00000000ec200000,0x00000000ec200000,0x00000000ec480000)
 ParOldGen       total 44032K, used 0K [0x00000000c1600000, 0x00000000c4100000, 0x00000000eb200000)
  object space 44032K, 0% used [0x00000000c1600000,0x00000000c1600000,0x00000000c4100000)
 Metaspace       used 779K, capacity 4480K, committed 4480K, reserved 1056768K
  class space    used 74K, capacity 384K, committed 384K, reserved 1048576K

Card table byte_map: [0x00000000126d0000,0x00000000128d0000] byte_map_base: 0x00000000120c5000

Marking Bits: (ParMarkBitMap*) 0x000000005f9cf030
 Begin Bits: [0x0000000013220000, 0x00000000141c8000)
 End Bits:   [0x00000000141c8000, 0x0000000015170000)

Polling page: 0x0000000001350000

CodeCache: size=245760Kb used=328Kb max_used=328Kb free=245431Kb
 bounds [0x0000000003310000, 0x0000000003580000, 0x0000000012310000]
 total_blobs=57 nmethods=0 adapters=38
 compilation: enabled

Compilation events (0 events):
No events

GC Heap History (0 events):
No events

Deoptimization events (0 events):
No events

Classes redefined (0 events):
No events

Internal exceptions (0 events):
No events

Events (10 events):
Event: 0.261 loading class java/lang/Short
Event: 0.262 loading class java/lang/Short done
Event: 0.262 loading class java/lang/Integer
Event: 0.264 loading class java/lang/Integer done
Event: 0.264 loading class java/lang/Long
Event: 0.265 loading class java/lang/Long done
Event: 0.270 loading class java/lang/NullPointerException
Event: 0.271 loading class java/lang/NullPointerException done
Event: 0.271 loading class java/lang/ArithmeticException
Event: 0.271 loading class java/lang/ArithmeticException done


Dynamic libraries:
0x00007ff62e6c0000 - 0x00007ff62e6f1000 	C:\Program Files\Android\Android Studio\jre\bin\java.EXE
0x00007ffb98510000 - 0x00007ffb98704000 	C:\Windows\SYSTEM32\ntdll.dll
0x00007ffb980a0000 - 0x00007ffb9815d000 	C:\Windows\System32\KERNEL32.DLL
0x00007ffb960b0000 - 0x00007ffb96377000 	C:\Windows\System32\KERNELBASE.dll
0x00007ffb96d70000 - 0x00007ffb96e1a000 	C:\Windows\System32\ADVAPI32.dll
0x00007ffb97ed0000 - 0x00007ffb97f6e000 	C:\Windows\System32\msvcrt.dll
0x00007ffb975b0000 - 0x00007ffb9764b000 	C:\Windows\System32\sechost.dll
0x00007ffb98390000 - 0x00007ffb984b3000 	C:\Windows\System32\RPCRT4.dll
0x00007ffb97410000 - 0x00007ffb975b0000 	C:\Windows\System32\USER32.dll
0x00007ffb96480000 - 0x00007ffb964a2000 	C:\Windows\System32\win32u.dll
0x00007ffb969f0000 - 0x00007ffb96a1a000 	C:\Windows\System32\GDI32.dll
0x00007ffb95c60000 - 0x00007ffb95d6a000 	C:\Windows\System32\gdi32full.dll
0x00007ffb963e0000 - 0x00007ffb9647d000 	C:\Windows\System32\msvcp_win.dll
0x00007ffb95e50000 - 0x00007ffb95f50000 	C:\Windows\System32\ucrtbase.dll
0x00007ffb7aa70000 - 0x00007ffb7ad0a000 	C:\Windows\WinSxS\amd64_microsoft.windows.common-controls_6595b64144ccf1df_6.0.19041.1_none_b555e41d4684ddec\COMCTL32.dll
0x00007ffb96c10000 - 0x00007ffb96c40000 	C:\Windows\System32\IMM32.DLL
0x000000005fa50000 - 0x000000005fb22000 	C:\Program Files\Android\Android Studio\jre\jre\bin\msvcr100.dll
0x000000005f200000 - 0x000000005fa4b000 	C:\Program Files\Android\Android Studio\jre\jre\bin\server\jvm.dll
0x00007ffb96cd0000 - 0x00007ffb96cd8000 	C:\Windows\System32\PSAPI.DLL
0x00007ffb8ecc0000 - 0x00007ffb8ecca000 	C:\Windows\SYSTEM32\VERSION.dll
0x00007ffb7f760000 - 0x00007ffb7f787000 	C:\Windows\SYSTEM32\WINMM.dll
0x00007ffb7f4d0000 - 0x00007ffb7f4d9000 	C:\Windows\SYSTEM32\WSOCK32.dll
0x00007ffb97f70000 - 0x00007ffb97fdb000 	C:\Windows\System32\WS2_32.dll
0x00007ffb89c30000 - 0x00007ffb89c3f000 	C:\Program Files\Android\Android Studio\jre\jre\bin\verify.dll
0x00007ffb6d3d0000 - 0x00007ffb6d3f9000 	C:\Program Files\Android\Android Studio\jre\jre\bin\java.dll
0x00007ffb87410000 - 0x00007ffb87426000 	C:\Program Files\Android\Android Studio\jre\jre\bin\zip.dll

VM Arguments:
java_command: <unknown>
java_class_path (initial): .
Launcher Type: SUN_STANDARD

Environment Variables:
PATH=C:\Windows\system32;C:\Windows;C:\Windows\System32\Wbem;C:\Windows\System32\WindowsPowerShell\v1.0\;C:\Windows\System32\OpenSSH\;C:\Program Files\Process Lasso\;C:\Users\Dhruvin Limbani\AppData\Local\Microsoft\WindowsApps;C:\Users\Dhruvin Limbani\AppData\Local\Programs\Microsoft VS Code\bin;C:\flutter\bin;;C:\flutter\bin\mingit\cmd
USERNAME=Dhruvin Limbani
OS=Windows_NT
PROCESSOR_IDENTIFIER=Intel64 Family 6 Model 142 Stepping 10, GenuineIntel



---------------  S Y S T E M  ---------------

OS: Windows 10.0 , 64 bit Build 19041 (10.0.19041.292)

CPU:total 8 (initial active 8) (4 cores per cpu, 2 threads per core) family 6 model 142 stepping 10, cmov, cx8, fxsr, mmx, sse, sse2, sse3, ssse3, sse4.1, sse4.2, popcnt, avx, avx2, aes, clmul, erms, 3dnowpref, lzcnt, ht, tsc, tscinvbit, bmi1, bmi2, adx

Memory: 4k page, physical 4097252k(36128k free), swap 16680164k(6196k free)

vm_info: OpenJDK 64-Bit Server VM (25.242-b01) for windows-amd64 JRE (1.8.0_242-release-1644-b01), built by "builder" with MS VC++ 10.0 (VS2010)

time: Wed Jul 29 16:32:52 2020
timezone: India Standard Time
elapsed time: 0 seconds (0d 0h 0m 0s)

